# JRE version: OpenJDK Runtime Environment Temurin-18.0.1+10 (18.0.1+10) (build 18.0.1+10)
# Java VM: OpenJDK 64-Bit Server VM Temurin-18.0.1+10 (18.0.1+10, mixed mode, emulated-client, tiered, compressed oops, compressed class ptrs, g1 gc, windows-amd64)
GC Precious Log:
 CardTable entry size: 512
 Card Set container configuration: InlinePtr #cards 5 size 8 Array Of Cards #cards 12 size 40 Howl #buckets 4 coarsen threshold 1843 Howl Bitmap #cards 512 size 80 coarsen threshold 460 Card regions per heap region 1 cards per card region 2048
 CPUs: 8 total, 8 available
 Memory: 8101M
 Large Page Support: Disabled
 NUMA Support: Disabled
 Compressed Oops: Enabled (32-bit)
 Heap Region Size: 1M
 Heap Min Capacity: 8M
 Heap Initial Capacity: 128M
 Heap Max Capacity: 2026M
 Pre-touch: Disabled
 Parallel Workers: 8
 Concurrent Workers: 2
 Concurrent Refinement Workers: 8
 Periodic GC: Disabled
Heap:
 garbage-first heap   total 390144K, used 149221K [0x0000000081600000, 0x0000000100000000)
  region size 1024K, 93 young (95232K), 1 survivors (1024K)
 Metaspace       used 64852K, committed 65536K, reserved 1114112K
  class space    used 8236K, committed 8576K, reserved 1048576K
GC Heap History (20 events):
Event: 6.527 GC heap before
{Heap before GC invocations=21 (full 0):
 garbage-first heap   total 96256K, used 77394K [0x0000000081600000, 0x0000000100000000)
  region size 1024K, 48 young (49152K), 4 survivors (4096K)
 Metaspace       used 54221K, committed 54848K, reserved 1114112K
  class space    used 6867K, committed 7168K, reserved 1048576K
}
Event: 6.532 GC heap after
{Heap after GC invocations=22 (full 0):
 garbage-first heap   total 96256K, used 37850K [0x0000000081600000, 0x0000000100000000)
  region size 1024K, 6 young (6144K), 6 survivors (6144K)
 Metaspace       used 54221K, committed 54848K, reserved 1114112K
  class space    used 6867K, committed 7168K, reserved 1048576K
}
Event: 6.620 GC heap before
{Heap before GC invocations=22 (full 0):
 garbage-first heap   total 96256K, used 73690K [0x0000000081600000, 0x0000000100000000)
  region size 1024K, 42 young (43008K), 6 survivors (6144K)
 Metaspace       used 54234K, committed 54848K, reserved 1114112K
  class space    used 6869K, committed 7168K, reserved 1048576K
}
Event: 6.627 GC heap after
{Heap after GC invocations=23 (full 0):
 garbage-first heap   total 96256K, used 47064K [0x0000000081600000, 0x0000000100000000)
  region size 1024K, 6 young (6144K), 6 survivors (6144K)
 Metaspace       used 54234K, committed 54848K, reserved 1114112K
  class space    used 6869K, committed 7168K, reserved 1048576K
}
Event: 6.714 GC heap before
{Heap before GC invocations=23 (full 0):
 garbage-first heap   total 96256K, used 72664K [0x0000000081600000, 0x0000000100000000)
  region size 1024K, 31 young (31744K), 6 survivors (6144K)
 Metaspace       used 54314K, committed 54912K, reserved 1114112K
  class space    used 6879K, committed 7168K, reserved 1048576K
}
Event: 6.719 GC heap after
{Heap after GC invocations=24 (full 0):
 garbage-first heap   total 96256K, used 53518K [0x0000000081600000, 0x0000000100000000)
  region size 1024K, 4 young (4096K), 4 survivors (4096K)
 Metaspace       used 54314K, committed 54912K, reserved 1114112K
  class space    used 6879K, committed 7168K, reserved 1048576K
}
Event: 6.771 GC heap before
{Heap before GC invocations=24 (full 0):
 garbage-first heap   total 96256K, used 72974K [0x0000000081600000, 0x0000000100000000)
  region size 1024K, 24 young (24576K), 4 survivors (4096K)
 Metaspace       used 54314K, committed 54912K, reserved 1114112K
  class space    used 6879K, committed 7168K, reserved 1048576K
}
Event: 6.775 GC heap after
{Heap after GC invocations=25 (full 0):
 garbage-first heap   total 136192K, used 58185K [0x0000000081600000, 0x0000000100000000)
  region size 1024K, 3 young (3072K), 3 survivors (3072K)
 Metaspace       used 54314K, committed 54912K, reserved 1114112K
  class space    used 6879K, committed 7168K, reserved 1048576K
}
Event: 6.894 GC heap before
{Heap before GC invocations=26 (full 0):
 garbage-first heap   total 136192K, used 97097K [0x0000000081600000, 0x0000000100000000)
  region size 1024K, 41 young (41984K), 3 survivors (3072K)
 Metaspace       used 54330K, committed 54912K, reserved 1114112K
  class space    used 6883K, committed 7168K, reserved 1048576K
}
Event: 6.901 GC heap after
{Heap after GC invocations=27 (full 0):
 garbage-first heap   total 136192K, used 69301K [0x0000000081600000, 0x0000000100000000)
  region size 1024K, 6 young (6144K), 6 survivors (6144K)
 Metaspace       used 54330K, committed 54912K, reserved 1114112K
  class space    used 6883K, committed 7168K, reserved 1048576K
}
Event: 6.902 GC heap before
{Heap before GC invocations=27 (full 0):
 garbage-first heap   total 136192K, used 70325K [0x0000000081600000, 0x0000000100000000)
  region size 1024K, 7 young (7168K), 6 survivors (6144K)
 Metaspace       used 54330K, committed 54912K, reserved 1114112K
  class space    used 6883K, committed 7168K, reserved 1048576K
}
Event: 6.906 GC heap after
{Heap after GC invocations=28 (full 0):
 garbage-first heap   total 136192K, used 67331K [0x0000000081600000, 0x0000000100000000)
  region size 1024K, 1 young (1024K), 1 survivors (1024K)
 Metaspace       used 54330K, committed 54912K, reserved 1114112K
  class space    used 6883K, committed 7168K, reserved 1048576K
}
Event: 6.968 GC heap before
{Heap before GC invocations=28 (full 0):
 garbage-first heap   total 136192K, used 98051K [0x0000000081600000, 0x0000000100000000)
  region size 1024K, 32 young (32768K), 1 survivors (1024K)
 Metaspace       used 54330K, committed 54912K, reserved 1114112K
  class space    used 6883K, committed 7168K, reserved 1048576K
}
Event: 6.971 GC heap after
{Heap after GC invocations=29 (full 0):
 garbage-first heap   total 136192K, used 73722K [0x0000000081600000, 0x0000000100000000)
  region size 1024K, 4 young (4096K), 4 survivors (4096K)
 Metaspace       used 54330K, committed 54912K, reserved 1114112K
  class space    used 6883K, committed 7168K, reserved 1048576K
}
Event: 7.213 GC heap before
{Heap before GC invocations=30 (full 0):
 garbage-first heap   total 137216K, used 97274K [0x0000000081600000, 0x0000000100000000)
  region size 1024K, 32 young (32768K), 4 survivors (4096K)
 Metaspace       used 55234K, committed 55808K, reserved 1114112K
  class space    used 7011K, committed 7296K, reserved 1048576K
}
Event: 7.220 GC heap after
{Heap after GC invocations=31 (full 0):
 garbage-first heap   total 137216K, used 76386K [0x0000000081600000, 0x0000000100000000)
  region size 1024K, 4 young (4096K), 4 survivors (4096K)
 Metaspace       used 55234K, committed 55808K, reserved 1114112K
  class space    used 7011K, committed 7296K, reserved 1048576K
}
Event: 7.240 GC heap before
{Heap before GC invocations=31 (full 0):
 garbage-first heap   total 137216K, used 78434K [0x0000000081600000, 0x0000000100000000)
  region size 1024K, 6 young (6144K), 4 survivors (4096K)
 Metaspace       used 55378K, committed 56000K, reserved 1114112K
  class space    used 7030K, committed 7360K, reserved 1048576K
}
Event: 7.244 GC heap after
{Heap after GC invocations=32 (full 0):
 garbage-first heap   total 137216K, used 63052K [0x0000000081600000, 0x0000000100000000)
  region size 1024K, 1 young (1024K), 1 survivors (1024K)
 Metaspace       used 55378K, committed 56000K, reserved 1114112K
  class space    used 7030K, committed 7360K, reserved 1048576K
}
Event: 7.311 GC heap before
{Heap before GC invocations=32 (full 0):
 garbage-first heap   total 137216K, used 68172K [0x0000000081600000, 0x0000000100000000)
  region size 1024K, 6 young (6144K), 1 survivors (1024K)
 Metaspace       used 55865K, committed 56512K, reserved 1114112K
  class space    used 7099K, committed 7424K, reserved 1048576K
}
Event: 7.315 GC heap after
{Heap after GC invocations=33 (full 0):
 garbage-first heap   total 390144K, used 57061K [0x0000000081600000, 0x0000000100000000)
  region size 1024K, 1 young (1024K), 1 survivors (1024K)
 Metaspace       used 55865K, committed 56512K, reserved 1114112K
  class space    used 7099K, committed 7424K, reserved 1048576K
}

