# JRE version: OpenJDK Runtime Environment Temurin-18.0.1+10 (18.0.1+10) (build 18.0.1+10)
# Java VM: OpenJDK 64-Bit Server VM Temurin-18.0.1+10 (18.0.1+10, mixed mode, emulated-client, tiered, compressed oops, compressed class ptrs, g1 gc, windows-amd64)
GC Precious Log:
 CardTable entry size: 512
 Card Set container configuration: InlinePtr #cards 5 size 8 Array Of Cards #cards 12 size 40 Howl #buckets 4 coarsen threshold 1843 Howl Bitmap #cards 512 size 80 coarsen threshold 460 Card regions per heap region 1 cards per card region 2048
 CPUs: 8 total, 8 available
 Memory: 8101M
 Large Page Support: Disabled
 NUMA Support: Disabled
 Compressed Oops: Enabled (32-bit)
 Heap Region Size: 1M
 Heap Min Capacity: 8M
 Heap Initial Capacity: 128M
 Heap Max Capacity: 2026M
 Pre-touch: Disabled
 Parallel Workers: 8
 Concurrent Workers: 2
 Concurrent Refinement Workers: 8
 Periodic GC: Disabled
Heap:
 garbage-first heap   total 153600K, used 103089K [0x0000000081600000, 0x0000000100000000)
  region size 1024K, 63 young (64512K), 7 survivors (7168K)
 Metaspace       used 73216K, committed 73984K, reserved 1114112K
  class space    used 9452K, committed 9856K, reserved 1048576K
GC Heap History (20 events):
Event: 8.365 GC heap after
{Heap after GC invocations=25 (full 0):
 garbage-first heap   total 228352K, used 77388K [0x0000000081600000, 0x0000000100000000)
  region size 1024K, 6 young (6144K), 6 survivors (6144K)
 Metaspace       used 67994K, committed 68800K, reserved 1114112K
  class space    used 8833K, committed 9216K, reserved 1048576K
}
Event: 243.759 GC heap before
{Heap before GC invocations=25 (full 0):
 garbage-first heap   total 228352K, used 148044K [0x0000000081600000, 0x0000000100000000)
  region size 1024K, 77 young (78848K), 6 survivors (6144K)
 Metaspace       used 73021K, committed 73792K, reserved 1114112K
  class space    used 9483K, committed 9856K, reserved 1048576K
}
Event: 243.798 GC heap after
{Heap after GC invocations=26 (full 1):
 garbage-first heap   total 143360K, used 39621K [0x0000000081600000, 0x0000000100000000)
  region size 1024K, 0 young (0K), 0 survivors (0K)
 Metaspace       used 73021K, committed 73792K, reserved 1114112K
  class space    used 9483K, committed 9856K, reserved 1048576K
}
Event: 245.015 GC heap before
{Heap before GC invocations=26 (full 1):
 garbage-first heap   total 143360K, used 92869K [0x0000000081600000, 0x0000000100000000)
  region size 1024K, 53 young (54272K), 0 survivors (0K)
 Metaspace       used 73110K, committed 73856K, reserved 1114112K
  class space    used 9497K, committed 9856K, reserved 1048576K
}
Event: 245.019 GC heap after
{Heap after GC invocations=27 (full 1):
 garbage-first heap   total 143360K, used 43639K [0x0000000081600000, 0x0000000100000000)
  region size 1024K, 4 young (4096K), 4 survivors (4096K)
 Metaspace       used 73110K, committed 73856K, reserved 1114112K
  class space    used 9497K, committed 9856K, reserved 1048576K
}
Event: 247.740 GC heap before
{Heap before GC invocations=28 (full 1):
 garbage-first heap   total 143360K, used 98935K [0x0000000081600000, 0x0000000100000000)
  region size 1024K, 58 young (59392K), 4 survivors (4096K)
 Metaspace       used 72908K, committed 73856K, reserved 1114112K
  class space    used 9426K, committed 9856K, reserved 1048576K
}
Event: 247.746 GC heap after
{Heap after GC invocations=29 (full 1):
 garbage-first heap   total 143360K, used 48233K [0x0000000081600000, 0x0000000100000000)
  region size 1024K, 8 young (8192K), 8 survivors (8192K)
 Metaspace       used 72908K, committed 73856K, reserved 1114112K
  class space    used 9426K, committed 9856K, reserved 1048576K
}
Event: 247.757 GC heap before
{Heap before GC invocations=29 (full 1):
 garbage-first heap   total 143360K, used 49257K [0x0000000081600000, 0x0000000100000000)
  region size 1024K, 9 young (9216K), 8 survivors (8192K)
 Metaspace       used 72908K, committed 73856K, reserved 1114112K
  class space    used 9426K, committed 9856K, reserved 1048576K
}
Event: 247.761 GC heap after
{Heap after GC invocations=30 (full 1):
 garbage-first heap   total 143360K, used 49484K [0x0000000081600000, 0x0000000100000000)
  region size 1024K, 2 young (2048K), 2 survivors (2048K)
 Metaspace       used 72908K, committed 73856K, reserved 1114112K
  class space    used 9426K, committed 9856K, reserved 1048576K
}
Event: 247.860 GC heap before
{Heap before GC invocations=30 (full 1):
 garbage-first heap   total 143360K, used 102732K [0x0000000081600000, 0x0000000100000000)
  region size 1024K, 54 young (55296K), 2 survivors (2048K)
 Metaspace       used 72908K, committed 73856K, reserved 1114112K
  class space    used 9426K, committed 9856K, reserved 1048576K
}
Event: 247.866 GC heap after
{Heap after GC invocations=31 (full 1):
 garbage-first heap   total 143360K, used 61359K [0x0000000081600000, 0x0000000100000000)
  region size 1024K, 7 young (7168K), 7 survivors (7168K)
 Metaspace       used 72908K, committed 73856K, reserved 1114112K
  class space    used 9426K, committed 9856K, reserved 1048576K
}
Event: 247.962 GC heap before
{Heap before GC invocations=31 (full 1):
 garbage-first heap   total 143360K, used 105391K [0x0000000081600000, 0x0000000100000000)
  region size 1024K, 50 young (51200K), 7 survivors (7168K)
 Metaspace       used 72908K, committed 73856K, reserved 1114112K
  class space    used 9426K, committed 9856K, reserved 1048576K
}
Event: 247.970 GC heap after
{Heap after GC invocations=32 (full 1):
 garbage-first heap   total 143360K, used 72539K [0x0000000081600000, 0x0000000100000000)
  region size 1024K, 7 young (7168K), 7 survivors (7168K)
 Metaspace       used 72908K, committed 73856K, reserved 1114112K
  class space    used 9426K, committed 9856K, reserved 1048576K
}
Event: 248.109 GC heap before
{Heap before GC invocations=32 (full 1):
 garbage-first heap   total 143360K, used 105307K [0x0000000081600000, 0x0000000100000000)
  region size 1024K, 41 young (41984K), 7 survivors (7168K)
 Metaspace       used 72908K, committed 73856K, reserved 1114112K
  class space    used 9426K, committed 9856K, reserved 1048576K
}
Event: 248.119 GC heap after
{Heap after GC invocations=33 (full 1):
 garbage-first heap   total 371712K, used 82700K [0x0000000081600000, 0x0000000100000000)
  region size 1024K, 6 young (6144K), 6 survivors (6144K)
 Metaspace       used 72908K, committed 73856K, reserved 1114112K
  class space    used 9426K, committed 9856K, reserved 1048576K
}
Event: 511.238 GC heap before
{Heap before GC invocations=33 (full 1):
 garbage-first heap   total 371712K, used 183052K [0x0000000081600000, 0x0000000100000000)
  region size 1024K, 105 young (107520K), 6 survivors (6144K)
 Metaspace       used 72974K, committed 73856K, reserved 1114112K
  class space    used 9440K, committed 9856K, reserved 1048576K
}
Event: 511.288 GC heap after
{Heap after GC invocations=34 (full 2):
 garbage-first heap   total 153600K, used 41649K [0x0000000081600000, 0x0000000100000000)
  region size 1024K, 0 young (0K), 0 survivors (0K)
 Metaspace       used 72974K, committed 73856K, reserved 1114112K
  class space    used 9440K, committed 9856K, reserved 1048576K
}
Event: 515.389 GC heap before
{Heap before GC invocations=34 (full 2):
 garbage-first heap   total 153600K, used 96945K [0x0000000081600000, 0x0000000100000000)
  region size 1024K, 55 young (56320K), 0 survivors (0K)
 Metaspace       used 73048K, committed 73856K, reserved 1114112K
  class space    used 9451K, committed 9856K, reserved 1048576K
}
Event: 515.392 GC heap after
{Heap after GC invocations=35 (full 2):
 garbage-first heap   total 153600K, used 45745K [0x0000000081600000, 0x0000000100000000)
  region size 1024K, 4 young (4096K), 4 survivors (4096K)
 Metaspace       used 73048K, committed 73856K, reserved 1114112K
  class space    used 9451K, committed 9856K, reserved 1048576K
}
Event: 1436.695 GC heap before
{Heap before GC invocations=36 (full 2):
 garbage-first heap   total 153600K, used 103089K [0x0000000081600000, 0x0000000100000000)
  region size 1024K, 60 young (61440K), 4 survivors (4096K)
 Metaspace       used 73216K, committed 73984K, reserved 1114112K
  class space    used 9452K, committed 9856K, reserved 1048576K
}

